<?xml version="1.0" encoding="UTF-8"?>
<!-- Generated by org.testng.reporters.JUnitReportReporter -->
<testsuite hostname="WIN-UHUGTU479GR" failures="0" tests="3" name="TestNG.TestNgExampleTwo" time="0.063" errors="0" timestamp="2022-07-27T00:08:13 MSK" skipped="0">
  <testcase classname="TestNG.TestNgExampleTwo" name="gamma" time="0.030"/>
  <system-out/>
  <testcase classname="TestNG.TestNgExampleTwo" name="alpha" time="0.025"/>
  <system-out/>
  <testcase classname="TestNG.TestNgExampleTwo" name="beta" time="0.008"/>
  <system-out/>
</testsuite> <!-- TestNG.TestNgExampleTwo -->
