<?xml version="1.0" encoding="UTF-8"?>
<!-- Generated by org.testng.reporters.JUnitReportReporter -->
<testsuite hostname="WIN-UHUGTU479GR" failures="0" tests="7" name="TestNG.TestngExamples" time="0.079" errors="0" timestamp="2022-07-27T00:08:13 MSK" skipped="1">
  <testcase classname="TestNG.TestngExamples" name="methodOne" time="0.009"/>
  <system-out/>
  <testcase classname="TestNG.TestngExamples" name="methodOne" time="0.016"/>
  <system-out/>
  <testcase classname="TestNG.TestngExamples" name="methodOne" time="0.012"/>
  <system-out/>
  <testcase classname="TestNG.TestngExamples" name="methodOne" time="0.010"/>
  <system-out/>
  <testcase classname="TestNG.TestngExamples" name="methodOne" time="0.016"/>
  <system-out/>
  <testcase classname="TestNG.TestngExamples" name="methodThree" time="0.016"/>
  <system-out/>
  <testcase classname="TestNG.TestngExamples" name="methodTwo">
    <skipped/>
  </testcase> <!-- methodTwo -->
  <system-out/>
</testsuite> <!-- TestNG.TestngExamples -->
